<?xml version="1.0" encoding="UTF-8"?>
<!-- Generated by org.testng.reporters.JUnitXMLReporter -->
<testsuite hostname="CJ-4932" ignored="0" tests="0" failures="0" timestamp="13 Oct 2017 11:25:44 GMT" time="0.005" errors="0">
  <testcase name="@BeforeSuite setUp" time="0.014" classname="com.magic.matroDigi.base.TestBase">
    <failure type="java.lang.NullPointerException">
      <![CDATA[java.lang.NullPointerException
	at com.magic.matroDigi.base.TestBase.setUp(TestBase.java:56)
... Removed 29 stack frames]]>
    </failure>
  </testcase> <!-- @BeforeSuite setUp -->
</testsuite>
